<?xml version="1.0" encoding="UTF-8"?>
<testng-results skipped="0" failed="0" ignored="0" total="1" passed="1">
  <reporter-output>
  </reporter-output>
  <suite name="regression" duration-ms="3655" started-at="2022-02-27T20:03:30 CST" finished-at="2022-02-27T20:03:34 CST">
    <groups>
    </groups>
    <test name="LoginTest" duration-ms="3655" started-at="2022-02-27T20:03:30 CST" finished-at="2022-02-27T20:03:34 CST">
      <class name="test.LoginTest">
        <test-method status="PASS" signature="userShouldBeableToLogin(java.lang.String,java.lang.String)[pri:0, instance:test.LoginTest@6acdbdf5]" name="userShouldBeableToLogin" duration-ms="3604" started-at="2022-02-27T20:03:30 CST" finished-at="2022-02-27T20:03:34 CST">
          <params>
            <param index="0">
              <value>
                <![CDATA[demo@techfios.com]]>
              </value>
            </param>
            <param index="1">
              <value>
                <![CDATA[abc123]]>
              </value>
            </param>
          </params>
          <reporter-output>
          </reporter-output>
        </test-method> <!-- userShouldBeableToLogin -->
      </class> <!-- test.LoginTest -->
    </test> <!-- LoginTest -->
  </suite> <!-- regression -->
</testng-results>
